<?xml version="1.0" encoding="UTF-8"?>
<testsuite name="com.work99.springboot.controller.dto.HelloResponseDtoTest" tests="1" skipped="0" failures="0" errors="0" timestamp="2022-03-23T08:02:50" hostname="DESKTOP-6M6HJDJ" time="0.005">
  <properties/>
  <testcase name="룸북_기능_테스트" classname="com.work99.springboot.controller.dto.HelloResponseDtoTest" time="0.005"/>
  <system-out><![CDATA[]]></system-out>
  <system-err><![CDATA[]]></system-err>
</testsuite>
