<?xml version="1.0" encoding="UTF-8"?>
<testsuite name="com.work99.springboot.web.PostsApiControllerTest" tests="2" skipped="0" failures="0" errors="0" timestamp="2022-03-23T08:02:50" hostname="DESKTOP-6M6HJDJ" time="0.192">
  <properties/>
  <testcase name="Posts_등록된다" classname="com.work99.springboot.web.PostsApiControllerTest" time="0.162"/>
  <testcase name="Posts_수정된다" classname="com.work99.springboot.web.PostsApiControllerTest" time="0.03"/>
  <system-out><![CDATA[2022-03-23 17:02:50.596  INFO 30864 --- [    Test worker] .b.t.c.SpringBootTestContextBootstrapper : Neither @ContextConfiguration nor @ContextHierarchy found for test class [com.work99.springboot.web.PostsApiControllerTest], using SpringBootContextLoader
2022-03-23 17:02:50.597  INFO 30864 --- [    Test worker] o.s.t.c.support.AbstractContextLoader    : Could not detect default resource locations for test class [com.work99.springboot.web.PostsApiControllerTest]: no resource found for suffixes {-context.xml, Context.groovy}.
2022-03-23 17:02:50.597  INFO 30864 --- [    Test worker] t.c.s.AnnotationConfigContextLoaderUtils : Could not detect default configuration classes for test class [com.work99.springboot.web.PostsApiControllerTest]: PostsApiControllerTest does not declare any static, non-private, non-final, nested classes annotated with @Configuration.
2022-03-23 17:02:50.599  INFO 30864 --- [    Test worker] .b.t.c.SpringBootTestContextBootstrapper : Found @SpringBootConfiguration com.work99.springboot.Application for test class com.work99.springboot.web.PostsApiControllerTest
2022-03-23 17:02:50.601  INFO 30864 --- [    Test worker] .b.t.c.SpringBootTestContextBootstrapper : Loaded default TestExecutionListener class names from location [META-INF/spring.factories]: [org.springframework.security.test.context.support.WithSecurityContextTestExecutionListener, org.springframework.security.test.context.support.ReactorContextTestExecutionListener, org.springframework.boot.test.autoconfigure.restdocs.RestDocsTestExecutionListener, org.springframework.boot.test.autoconfigure.web.client.MockRestServiceServerResetTestExecutionListener, org.springframework.boot.test.autoconfigure.web.servlet.MockMvcPrintOnlyOnFailureTestExecutionListener, org.springframework.boot.test.autoconfigure.web.servlet.WebDriverTestExecutionListener, org.springframework.boot.test.mock.mockito.MockitoTestExecutionListener, org.springframework.boot.test.mock.mockito.ResetMocksTestExecutionListener, org.springframework.test.context.web.ServletTestExecutionListener, org.springframework.test.context.support.DirtiesContextBeforeModesTestExecutionListener, org.springframework.test.context.support.DependencyInjectionTestExecutionListener, org.springframework.test.context.support.DirtiesContextTestExecutionListener, org.springframework.test.context.transaction.TransactionalTestExecutionListener, org.springframework.test.context.jdbc.SqlScriptsTestExecutionListener]
2022-03-23 17:02:50.602  INFO 30864 --- [    Test worker] .b.t.c.SpringBootTestContextBootstrapper : Using TestExecutionListeners: [org.springframework.test.context.web.ServletTestExecutionListener@29654f4, org.springframework.test.context.support.DirtiesContextBeforeModesTestExecutionListener@4169911d, org.springframework.boot.test.mock.mockito.MockitoTestExecutionListener@6d62778e, org.springframework.boot.test.autoconfigure.SpringBootDependencyInjectionTestExecutionListener@73d16d0b, org.springframework.test.context.support.DirtiesContextTestExecutionListener@43d0b671, org.springframework.test.context.transaction.TransactionalTestExecutionListener@4e3c366f, org.springframework.test.context.jdbc.SqlScriptsTestExecutionListener@301cf621, org.springframework.security.test.context.support.WithSecurityContextTestExecutionListener@48dd7c1c, org.springframework.security.test.context.support.ReactorContextTestExecutionListener@ef82848, org.springframework.boot.test.autoconfigure.restdocs.RestDocsTestExecutionListener@2158e8b6, org.springframework.boot.test.autoconfigure.web.client.MockRestServiceServerResetTestExecutionListener@7622bf42, org.springframework.boot.test.autoconfigure.web.servlet.MockMvcPrintOnlyOnFailureTestExecutionListener@55bc0006, org.springframework.boot.test.autoconfigure.web.servlet.WebDriverTestExecutionListener@1ac9d891, org.springframework.boot.test.mock.mockito.ResetMocksTestExecutionListener@7c328e26]
2022-03-23 17:02:50.625  INFO 30864 --- [    Test worker] o.a.c.c.C.[Tomcat].[localhost].[/]       : Initializing Spring TestDispatcherServlet ''
2022-03-23 17:02:50.625  INFO 30864 --- [    Test worker] o.s.t.web.servlet.TestDispatcherServlet  : Initializing Servlet ''
2022-03-23 17:02:50.627  INFO 30864 --- [    Test worker] o.s.t.web.servlet.TestDispatcherServlet  : Completed initialization in 2 ms
Hibernate: insert into posts (created_date, modified_date, author, content, title) values (?, ?, ?, ?, ?)
Hibernate: select posts0_.id as id1_0_, posts0_.created_date as created_2_0_, posts0_.modified_date as modified3_0_, posts0_.author as author4_0_, posts0_.content as content5_0_, posts0_.title as title6_0_ from posts posts0_
Hibernate: select posts0_.id as id1_0_, posts0_.created_date as created_2_0_, posts0_.modified_date as modified3_0_, posts0_.author as author4_0_, posts0_.content as content5_0_, posts0_.title as title6_0_ from posts posts0_
Hibernate: delete from posts where id=?
2022-03-23 17:02:50.771  INFO 30864 --- [    Test worker] o.a.c.c.C.[Tomcat].[localhost].[/]       : Initializing Spring TestDispatcherServlet ''
2022-03-23 17:02:50.771  INFO 30864 --- [    Test worker] o.s.t.web.servlet.TestDispatcherServlet  : Initializing Servlet ''
2022-03-23 17:02:50.773  INFO 30864 --- [    Test worker] o.s.t.web.servlet.TestDispatcherServlet  : Completed initialization in 2 ms
Hibernate: insert into posts (created_date, modified_date, author, content, title) values (?, ?, ?, ?, ?)
Hibernate: select posts0_.id as id1_0_0_, posts0_.created_date as created_2_0_0_, posts0_.modified_date as modified3_0_0_, posts0_.author as author4_0_0_, posts0_.content as content5_0_0_, posts0_.title as title6_0_0_ from posts posts0_ where posts0_.id=?
Hibernate: update posts set created_date=?, modified_date=?, author=?, content=?, title=? where id=?
Hibernate: select posts0_.id as id1_0_, posts0_.created_date as created_2_0_, posts0_.modified_date as modified3_0_, posts0_.author as author4_0_, posts0_.content as content5_0_, posts0_.title as title6_0_ from posts posts0_
Hibernate: select posts0_.id as id1_0_, posts0_.created_date as created_2_0_, posts0_.modified_date as modified3_0_, posts0_.author as author4_0_, posts0_.content as content5_0_, posts0_.title as title6_0_ from posts posts0_
Hibernate: delete from posts where id=?
]]></system-out>
  <system-err><![CDATA[]]></system-err>
</testsuite>
