<?xml version="1.0" encoding="UTF-8"?>
<testsuite name="com.work99.springboot.web.HelloControllerTest" tests="2" skipped="0" failures="0" errors="0" timestamp="2022-03-23T08:02:51" hostname="DESKTOP-6M6HJDJ" time="0.059">
  <properties/>
  <testcase name="hello가_리턴된다" classname="com.work99.springboot.web.HelloControllerTest" time="0.019"/>
  <testcase name="helloDto가_리턴된다" classname="com.work99.springboot.web.HelloControllerTest" time="0.039"/>
  <system-out><![CDATA[2022-03-23 17:02:50.811  INFO 30864 --- [    Test worker] .b.t.a.w.s.WebMvcTestContextBootstrapper : Neither @ContextConfiguration nor @ContextHierarchy found for test class [com.work99.springboot.web.HelloControllerTest], using SpringBootContextLoader
2022-03-23 17:02:50.811  INFO 30864 --- [    Test worker] o.s.t.c.support.AbstractContextLoader    : Could not detect default resource locations for test class [com.work99.springboot.web.HelloControllerTest]: no resource found for suffixes {-context.xml, Context.groovy}.
2022-03-23 17:02:50.811  INFO 30864 --- [    Test worker] t.c.s.AnnotationConfigContextLoaderUtils : Could not detect default configuration classes for test class [com.work99.springboot.web.HelloControllerTest]: HelloControllerTest does not declare any static, non-private, non-final, nested classes annotated with @Configuration.
2022-03-23 17:02:50.829  INFO 30864 --- [    Test worker] .b.t.c.SpringBootTestContextBootstrapper : Found @SpringBootConfiguration com.work99.springboot.Application for test class com.work99.springboot.web.HelloControllerTest
2022-03-23 17:02:50.830  INFO 30864 --- [    Test worker] .b.t.a.w.s.WebMvcTestContextBootstrapper : Loaded default TestExecutionListener class names from location [META-INF/spring.factories]: [org.springframework.security.test.context.support.WithSecurityContextTestExecutionListener, org.springframework.security.test.context.support.ReactorContextTestExecutionListener, org.springframework.boot.test.autoconfigure.restdocs.RestDocsTestExecutionListener, org.springframework.boot.test.autoconfigure.web.client.MockRestServiceServerResetTestExecutionListener, org.springframework.boot.test.autoconfigure.web.servlet.MockMvcPrintOnlyOnFailureTestExecutionListener, org.springframework.boot.test.autoconfigure.web.servlet.WebDriverTestExecutionListener, org.springframework.boot.test.mock.mockito.MockitoTestExecutionListener, org.springframework.boot.test.mock.mockito.ResetMocksTestExecutionListener, org.springframework.test.context.web.ServletTestExecutionListener, org.springframework.test.context.support.DirtiesContextBeforeModesTestExecutionListener, org.springframework.test.context.support.DependencyInjectionTestExecutionListener, org.springframework.test.context.support.DirtiesContextTestExecutionListener, org.springframework.test.context.transaction.TransactionalTestExecutionListener, org.springframework.test.context.jdbc.SqlScriptsTestExecutionListener]
2022-03-23 17:02:50.831  INFO 30864 --- [    Test worker] .b.t.a.w.s.WebMvcTestContextBootstrapper : Using TestExecutionListeners: [org.springframework.test.context.web.ServletTestExecutionListener@437d0b18, org.springframework.test.context.support.DirtiesContextBeforeModesTestExecutionListener@24e9059c, org.springframework.boot.test.mock.mockito.MockitoTestExecutionListener@725c3b88, org.springframework.boot.test.autoconfigure.SpringBootDependencyInjectionTestExecutionListener@6f60f0e7, org.springframework.test.context.support.DirtiesContextTestExecutionListener@446e03d8, org.springframework.test.context.transaction.TransactionalTestExecutionListener@28473b2c, org.springframework.test.context.jdbc.SqlScriptsTestExecutionListener@3b54c5d7, org.springframework.security.test.context.support.WithSecurityContextTestExecutionListener@535bfd92, org.springframework.security.test.context.support.ReactorContextTestExecutionListener@679f44e2, org.springframework.boot.test.autoconfigure.restdocs.RestDocsTestExecutionListener@76109d66, org.springframework.boot.test.autoconfigure.web.client.MockRestServiceServerResetTestExecutionListener@6b77840e, org.springframework.boot.test.autoconfigure.web.servlet.MockMvcPrintOnlyOnFailureTestExecutionListener@674c439f, org.springframework.boot.test.autoconfigure.web.servlet.WebDriverTestExecutionListener@7ae9a3c0, org.springframework.boot.test.mock.mockito.ResetMocksTestExecutionListener@860fa56]

  .   ____          _            __ _ _
 /\\ / ___'_ __ _ _(_)_ __  __ _ \ \ \ \
( ( )\___ | '_ | '_| | '_ \/ _` | \ \ \ \
 \\/  ___)| |_)| | | | | || (_| |  ) ) ) )
  '  |____| .__|_| |_|_| |_\__, | / / / /
 =========|_|==============|___/=/_/_/_/
 :: Spring Boot ::        (v2.1.7.RELEASE)

2022-03-23 17:02:50.875  INFO 30864 --- [    Test worker] c.w.springboot.web.HelloControllerTest   : Starting HelloControllerTest on DESKTOP-6M6HJDJ with PID 30864 (started by very2 in C:\Users\very2\IdeaProjects\springboot_web_prj)
2022-03-23 17:02:50.875  INFO 30864 --- [    Test worker] c.w.springboot.web.HelloControllerTest   : No active profile set, falling back to default profiles: default
2022-03-23 17:02:51.471  INFO 30864 --- [    Test worker] o.s.s.concurrent.ThreadPoolTaskExecutor  : Initializing ExecutorService 'applicationTaskExecutor'
2022-03-23 17:02:51.500  INFO 30864 --- [    Test worker] o.s.b.a.w.s.WelcomePageHandlerMapping    : Adding welcome page template: index
2022-03-23 17:02:51.704  INFO 30864 --- [    Test worker] .s.s.UserDetailsServiceAutoConfiguration : 

Using generated security password: 81d31dd2-e9a0-4b9e-b6ab-903f734425bb

2022-03-23 17:02:51.845  INFO 30864 --- [    Test worker] o.s.s.web.DefaultSecurityFilterChain     : Creating filter chain: any request, [org.springframework.security.web.context.request.async.WebAsyncManagerIntegrationFilter@6e298e9e, org.springframework.security.web.context.SecurityContextPersistenceFilter@95cc772, org.springframework.security.web.header.HeaderWriterFilter@444020ed, org.springframework.security.web.csrf.CsrfFilter@30a02648, org.springframework.security.web.authentication.logout.LogoutFilter@29958fcf, org.springframework.security.web.authentication.UsernamePasswordAuthenticationFilter@3049e5e2, org.springframework.security.web.authentication.ui.DefaultLoginPageGeneratingFilter@cf26147, org.springframework.security.web.authentication.ui.DefaultLogoutPageGeneratingFilter@6594f297, org.springframework.security.web.authentication.www.BasicAuthenticationFilter@7bcd06d6, org.springframework.security.web.savedrequest.RequestCacheAwareFilter@229ae38d, org.springframework.security.web.servletapi.SecurityContextHolderAwareRequestFilter@6798f87b, org.springframework.security.web.authentication.AnonymousAuthenticationFilter@767cb345, org.springframework.security.web.session.SessionManagementFilter@75e3dc4b, org.springframework.security.web.access.ExceptionTranslationFilter@462db80c, org.springframework.security.web.access.intercept.FilterSecurityInterceptor@667b4243]
2022-03-23 17:02:51.859  INFO 30864 --- [    Test worker] o.s.b.t.m.w.SpringBootMockServletContext : Initializing Spring TestDispatcherServlet ''
2022-03-23 17:02:51.860  INFO 30864 --- [    Test worker] o.s.t.web.servlet.TestDispatcherServlet  : Initializing Servlet ''
2022-03-23 17:02:51.861  INFO 30864 --- [    Test worker] o.s.t.web.servlet.TestDispatcherServlet  : Completed initialization in 1 ms
2022-03-23 17:02:51.888  INFO 30864 --- [    Test worker] c.w.springboot.web.HelloControllerTest   : Started HelloControllerTest in 1.054 seconds (JVM running for 14.142)
]]></system-out>
  <system-err><![CDATA[]]></system-err>
</testsuite>
