<?xml version="1.0" encoding="UTF-8"?>
<testsuite name="com.work99.springboot.domain.posts.PostsRepositoryTest" tests="1" skipped="0" failures="0" errors="0" timestamp="2022-03-25T00:55:22" hostname="DESKTOP-6M6HJDJ" time="0.888">
  <properties/>
  <testcase name="게시글저장_불러오기" classname="com.work99.springboot.domain.posts.PostsRepositoryTest" time="0.888"/>
  <system-out><![CDATA[09:55:04.879 [Test worker] DEBUG org.springframework.test.context.junit4.SpringJUnit4ClassRunner - SpringJUnit4ClassRunner constructor called with [class com.work99.springboot.domain.posts.PostsRepositoryTest]
09:55:04.897 [Test worker] DEBUG org.springframework.test.context.BootstrapUtils - Instantiating CacheAwareContextLoaderDelegate from class [org.springframework.test.context.cache.DefaultCacheAwareContextLoaderDelegate]
09:55:04.924 [Test worker] DEBUG org.springframework.test.context.BootstrapUtils - Instantiating BootstrapContext using constructor [public org.springframework.test.context.support.DefaultBootstrapContext(java.lang.Class,org.springframework.test.context.CacheAwareContextLoaderDelegate)]
09:55:04.969 [Test worker] DEBUG org.springframework.test.context.BootstrapUtils - Instantiating TestContextBootstrapper for test class [com.work99.springboot.domain.posts.PostsRepositoryTest] from class [org.springframework.boot.test.context.SpringBootTestContextBootstrapper]
09:55:05.015 [Test worker] INFO org.springframework.boot.test.context.SpringBootTestContextBootstrapper - Neither @ContextConfiguration nor @ContextHierarchy found for test class [com.work99.springboot.domain.posts.PostsRepositoryTest], using SpringBootContextLoader
09:55:05.097 [Test worker] DEBUG org.springframework.test.context.support.AbstractContextLoader - Did not detect default resource location for test class [com.work99.springboot.domain.posts.PostsRepositoryTest]: class path resource [com/work99/springboot/domain/posts/PostsRepositoryTest-context.xml] does not exist
09:55:05.105 [Test worker] DEBUG org.springframework.test.context.support.AbstractContextLoader - Did not detect default resource location for test class [com.work99.springboot.domain.posts.PostsRepositoryTest]: class path resource [com/work99/springboot/domain/posts/PostsRepositoryTestContext.groovy] does not exist
09:55:05.106 [Test worker] INFO org.springframework.test.context.support.AbstractContextLoader - Could not detect default resource locations for test class [com.work99.springboot.domain.posts.PostsRepositoryTest]: no resource found for suffixes {-context.xml, Context.groovy}.
09:55:05.118 [Test worker] INFO org.springframework.test.context.support.AnnotationConfigContextLoaderUtils - Could not detect default configuration classes for test class [com.work99.springboot.domain.posts.PostsRepositoryTest]: PostsRepositoryTest does not declare any static, non-private, non-final, nested classes annotated with @Configuration.
09:55:05.217 [Test worker] DEBUG org.springframework.test.context.support.ActiveProfilesUtils - Could not find an 'annotation declaring class' for annotation type [org.springframework.test.context.ActiveProfiles] and class [com.work99.springboot.domain.posts.PostsRepositoryTest]
09:55:05.457 [Test worker] DEBUG org.springframework.context.annotation.ClassPathScanningCandidateComponentProvider - Identified candidate component class: file [C:\Users\very2\IdeaProjects\springboot_web_prj\build\classes\java\main\com\work99\springboot\Application.class]
09:55:05.462 [Test worker] INFO org.springframework.boot.test.context.SpringBootTestContextBootstrapper - Found @SpringBootConfiguration com.work99.springboot.Application for test class com.work99.springboot.domain.posts.PostsRepositoryTest
09:55:05.724 [Test worker] DEBUG org.springframework.boot.test.context.SpringBootTestContextBootstrapper - @TestExecutionListeners is not present for class [com.work99.springboot.domain.posts.PostsRepositoryTest]: using defaults.
09:55:05.726 [Test worker] INFO org.springframework.boot.test.context.SpringBootTestContextBootstrapper - Loaded default TestExecutionListener class names from location [META-INF/spring.factories]: [org.springframework.security.test.context.support.WithSecurityContextTestExecutionListener, org.springframework.security.test.context.support.ReactorContextTestExecutionListener, org.springframework.boot.test.autoconfigure.restdocs.RestDocsTestExecutionListener, org.springframework.boot.test.autoconfigure.web.client.MockRestServiceServerResetTestExecutionListener, org.springframework.boot.test.autoconfigure.web.servlet.MockMvcPrintOnlyOnFailureTestExecutionListener, org.springframework.boot.test.autoconfigure.web.servlet.WebDriverTestExecutionListener, org.springframework.boot.test.mock.mockito.MockitoTestExecutionListener, org.springframework.boot.test.mock.mockito.ResetMocksTestExecutionListener, org.springframework.test.context.web.ServletTestExecutionListener, org.springframework.test.context.support.DirtiesContextBeforeModesTestExecutionListener, org.springframework.test.context.support.DependencyInjectionTestExecutionListener, org.springframework.test.context.support.DirtiesContextTestExecutionListener, org.springframework.test.context.transaction.TransactionalTestExecutionListener, org.springframework.test.context.jdbc.SqlScriptsTestExecutionListener]
09:55:05.779 [Test worker] INFO org.springframework.boot.test.context.SpringBootTestContextBootstrapper - Using TestExecutionListeners: [org.springframework.test.context.web.ServletTestExecutionListener@26e89e50, org.springframework.test.context.support.DirtiesContextBeforeModesTestExecutionListener@557f2b9d, org.springframework.boot.test.mock.mockito.MockitoTestExecutionListener@6dd020d3, org.springframework.boot.test.autoconfigure.SpringBootDependencyInjectionTestExecutionListener@bc90a0f, org.springframework.test.context.support.DirtiesContextTestExecutionListener@69310f38, org.springframework.test.context.transaction.TransactionalTestExecutionListener@45bef240, org.springframework.test.context.jdbc.SqlScriptsTestExecutionListener@2904949c, org.springframework.security.test.context.support.WithSecurityContextTestExecutionListener@6ade7ac1, org.springframework.security.test.context.support.ReactorContextTestExecutionListener@bf7f06d, org.springframework.boot.test.autoconfigure.restdocs.RestDocsTestExecutionListener@39692fa1, org.springframework.boot.test.autoconfigure.web.client.MockRestServiceServerResetTestExecutionListener@34c4ec64, org.springframework.boot.test.autoconfigure.web.servlet.MockMvcPrintOnlyOnFailureTestExecutionListener@2d55804f, org.springframework.boot.test.autoconfigure.web.servlet.WebDriverTestExecutionListener@19956910, org.springframework.boot.test.mock.mockito.ResetMocksTestExecutionListener@697149a4]
09:55:05.786 [Test worker] DEBUG org.springframework.test.annotation.ProfileValueUtils - Retrieved @ProfileValueSourceConfiguration [null] for test class [com.work99.springboot.domain.posts.PostsRepositoryTest]
09:55:05.788 [Test worker] DEBUG org.springframework.test.annotation.ProfileValueUtils - Retrieved ProfileValueSource type [class org.springframework.test.annotation.SystemProfileValueSource] for class [com.work99.springboot.domain.posts.PostsRepositoryTest]
09:55:05.800 [Test worker] DEBUG org.springframework.test.annotation.ProfileValueUtils - Retrieved @ProfileValueSourceConfiguration [null] for test class [com.work99.springboot.domain.posts.PostsRepositoryTest]
09:55:05.801 [Test worker] DEBUG org.springframework.test.annotation.ProfileValueUtils - Retrieved ProfileValueSource type [class org.springframework.test.annotation.SystemProfileValueSource] for class [com.work99.springboot.domain.posts.PostsRepositoryTest]
09:55:05.802 [Test worker] DEBUG org.springframework.test.annotation.ProfileValueUtils - Retrieved @ProfileValueSourceConfiguration [null] for test class [com.work99.springboot.domain.posts.PostsRepositoryTest]
09:55:05.802 [Test worker] DEBUG org.springframework.test.annotation.ProfileValueUtils - Retrieved ProfileValueSource type [class org.springframework.test.annotation.SystemProfileValueSource] for class [com.work99.springboot.domain.posts.PostsRepositoryTest]
09:55:05.812 [Test worker] DEBUG org.springframework.test.context.support.AbstractDirtiesContextTestExecutionListener - Before test class: context [DefaultTestContext@758073ca testClass = PostsRepositoryTest, testInstance = [null], testMethod = [null], testException = [null], mergedContextConfiguration = [WebMergedContextConfiguration@4319cff1 testClass = PostsRepositoryTest, locations = '{}', classes = '{class com.work99.springboot.Application}', contextInitializerClasses = '[]', activeProfiles = '{}', propertySourceLocations = '{}', propertySourceProperties = '{org.springframework.boot.test.context.SpringBootTestContextBootstrapper=true}', contextCustomizers = set[org.springframework.boot.test.autoconfigure.properties.PropertyMappingContextCustomizer@0, org.springframework.boot.test.autoconfigure.web.servlet.WebDriverContextCustomizerFactory$Customizer@4cb3b910, org.springframework.boot.test.context.filter.ExcludeFilterContextCustomizer@9f1ca80, org.springframework.boot.test.json.DuplicateJsonObjectContextCustomizerFactory$DuplicateJsonObjectContextCustomizer@19b996e1, org.springframework.boot.test.mock.mockito.MockitoContextCustomizer@0, org.springframework.boot.test.web.client.TestRestTemplateContextCustomizer@6400d9], resourceBasePath = 'src/main/webapp', contextLoader = 'org.springframework.boot.test.context.SpringBootContextLoader', parent = [null]], attributes = map['org.springframework.test.context.web.ServletTestExecutionListener.activateListener' -> true]], class annotated with @DirtiesContext [false] with mode [null].
09:55:05.814 [Test worker] DEBUG org.springframework.test.annotation.ProfileValueUtils - Retrieved @ProfileValueSourceConfiguration [null] for test class [com.work99.springboot.domain.posts.PostsRepositoryTest]
09:55:05.815 [Test worker] DEBUG org.springframework.test.annotation.ProfileValueUtils - Retrieved ProfileValueSource type [class org.springframework.test.annotation.SystemProfileValueSource] for class [com.work99.springboot.domain.posts.PostsRepositoryTest]
09:55:05.868 [Test worker] DEBUG org.springframework.test.context.support.TestPropertySourceUtils - Adding inlined properties to environment: {spring.jmx.enabled=false, org.springframework.boot.test.context.SpringBootTestContextBootstrapper=true, server.port=-1}

  .   ____          _            __ _ _
 /\\ / ___'_ __ _ _(_)_ __  __ _ \ \ \ \
( ( )\___ | '_ | '_| | '_ \/ _` | \ \ \ \
 \\/  ___)| |_)| | | | | || (_| |  ) ) ) )
  '  |____| .__|_| |_|_| |_\__, | / / / /
 =========|_|==============|___/=/_/_/_/
 :: Spring Boot ::        (v2.1.7.RELEASE)

2022-03-25 09:55:06.599  INFO 3924 --- [    Test worker] c.w.s.domain.posts.PostsRepositoryTest   : Starting PostsRepositoryTest on DESKTOP-6M6HJDJ with PID 3924 (started by very2 in C:\Users\very2\IdeaProjects\springboot_web_prj)
2022-03-25 09:55:06.602  INFO 3924 --- [    Test worker] c.w.s.domain.posts.PostsRepositoryTest   : No active profile set, falling back to default profiles: default
2022-03-25 09:55:08.832  INFO 3924 --- [    Test worker] .s.d.r.c.RepositoryConfigurationDelegate : Bootstrapping Spring Data repositories in DEFAULT mode.
2022-03-25 09:55:09.193  INFO 3924 --- [    Test worker] .s.d.r.c.RepositoryConfigurationDelegate : Finished Spring Data repository scanning in 332ms. Found 2 repository interfaces.
2022-03-25 09:55:10.498  INFO 3924 --- [    Test worker] trationDelegate$BeanPostProcessorChecker : Bean 'org.springframework.transaction.annotation.ProxyTransactionManagementConfiguration' of type [org.springframework.transaction.annotation.ProxyTransactionManagementConfiguration$$EnhancerBySpringCGLIB$$feccd7b9] is not eligible for getting processed by all BeanPostProcessors (for example: not eligible for auto-proxying)
2022-03-25 09:55:11.020  INFO 3924 --- [    Test worker] com.zaxxer.hikari.HikariDataSource       : HikariPool-1 - Starting...
2022-03-25 09:55:11.543  INFO 3924 --- [    Test worker] com.zaxxer.hikari.HikariDataSource       : HikariPool-1 - Start completed.
2022-03-25 09:55:11.860  INFO 3924 --- [    Test worker] o.hibernate.jpa.internal.util.LogHelper  : HHH000204: Processing PersistenceUnitInfo [
	name: default
	...]
2022-03-25 09:55:12.110  INFO 3924 --- [    Test worker] org.hibernate.Version                    : HHH000412: Hibernate Core {5.3.10.Final}
2022-03-25 09:55:12.117  INFO 3924 --- [    Test worker] org.hibernate.cfg.Environment            : HHH000206: hibernate.properties not found
2022-03-25 09:55:12.611  INFO 3924 --- [    Test worker] o.hibernate.annotations.common.Version   : HCANN000001: Hibernate Commons Annotations {5.0.4.Final}
2022-03-25 09:55:13.082  INFO 3924 --- [    Test worker] org.hibernate.dialect.Dialect            : HHH000400: Using dialect: org.hibernate.dialect.MySQL5InnoDBDialect
Hibernate: drop table if exists posts
Hibernate: drop table if exists user
Hibernate: create table posts (id bigint not null auto_increment, created_date datetime, modified_date datetime, author varchar(255), content TEXT not null, title varchar(500) not null, primary key (id)) engine=InnoDB
Hibernate: create table user (id bigint not null auto_increment, created_date datetime, modified_date datetime, email varchar(255) not null, name varchar(255) not null, picture varchar(255), role varchar(255) not null, primary key (id)) engine=InnoDB
2022-03-25 09:55:15.239  INFO 3924 --- [    Test worker] o.h.t.schema.internal.SchemaCreatorImpl  : HHH000476: Executing import script 'org.hibernate.tool.schema.internal.exec.ScriptSourceInputNonExistentImpl@1345ae37'
2022-03-25 09:55:15.248  INFO 3924 --- [    Test worker] j.LocalContainerEntityManagerFactoryBean : Initialized JPA EntityManagerFactory for persistence unit 'default'
2022-03-25 09:55:16.839  INFO 3924 --- [    Test worker] o.h.h.i.QueryTranslatorFactoryInitiator  : HHH000397: Using ASTQueryTranslatorFactory
2022-03-25 09:55:18.135  INFO 3924 --- [    Test worker] o.s.s.web.DefaultSecurityFilterChain     : Creating filter chain: any request, [org.springframework.security.web.context.request.async.WebAsyncManagerIntegrationFilter@25ab1818, org.springframework.security.web.context.SecurityContextPersistenceFilter@712871d1, org.springframework.security.web.header.HeaderWriterFilter@7f05fd41, org.springframework.security.web.authentication.logout.LogoutFilter@5eedb8bd, org.springframework.security.oauth2.client.web.OAuth2AuthorizationRequestRedirectFilter@50e0c913, org.springframework.security.oauth2.client.web.OAuth2LoginAuthenticationFilter@17106f87, org.springframework.security.web.authentication.ui.DefaultLoginPageGeneratingFilter@2d8797e, org.springframework.security.web.authentication.ui.DefaultLogoutPageGeneratingFilter@1de0aa5e, org.springframework.security.web.savedrequest.RequestCacheAwareFilter@6afed67b, org.springframework.security.web.servletapi.SecurityContextHolderAwareRequestFilter@126db181, org.springframework.security.web.authentication.AnonymousAuthenticationFilter@5fd33ceb, org.springframework.security.web.session.SessionManagementFilter@e988f62, org.springframework.security.web.access.ExceptionTranslationFilter@250cd73a, org.springframework.security.web.access.intercept.FilterSecurityInterceptor@6fccd3c]
2022-03-25 09:55:19.777  INFO 3924 --- [    Test worker] o.s.s.concurrent.ThreadPoolTaskExecutor  : Initializing ExecutorService 'applicationTaskExecutor'
2022-03-25 09:55:20.160  WARN 3924 --- [    Test worker] aWebConfiguration$JpaWebMvcConfiguration : spring.jpa.open-in-view is enabled by default. Therefore, database queries may be performed during view rendering. Explicitly configure spring.jpa.open-in-view to disable this warning
2022-03-25 09:55:20.474  INFO 3924 --- [    Test worker] o.s.b.a.w.s.WelcomePageHandlerMapping    : Adding welcome page template: index
2022-03-25 09:55:22.851  INFO 3924 --- [    Test worker] s.a.ScheduledAnnotationBeanPostProcessor : No TaskScheduler/ScheduledExecutorService bean found for scheduled processing
2022-03-25 09:55:22.871  INFO 3924 --- [    Test worker] c.w.s.domain.posts.PostsRepositoryTest   : Started PostsRepositoryTest in 16.975 seconds (JVM running for 20.241)
Hibernate: insert into posts (created_date, modified_date, author, content, title) values (?, ?, ?, ?, ?)
Hibernate: select posts0_.id as id1_0_, posts0_.created_date as created_2_0_, posts0_.modified_date as modified3_0_, posts0_.author as author4_0_, posts0_.content as content5_0_, posts0_.title as title6_0_ from posts posts0_
Hibernate: select posts0_.id as id1_0_, posts0_.created_date as created_2_0_, posts0_.modified_date as modified3_0_, posts0_.author as author4_0_, posts0_.content as content5_0_, posts0_.title as title6_0_ from posts posts0_
Hibernate: delete from posts where id=?
]]></system-out>
  <system-err><![CDATA[]]></system-err>
</testsuite>
